<?xml version="1.0" encoding="utf-8"?><testsuites name="pytest tests"><testsuite name="pytest" errors="0" failures="0" skipped="0" tests="15" time="2.640" timestamp="2026-04-09T19:17:54.840046+00:00" hostname="agent-env-f5c7d70c-4fdb-4e1a-8b6b-fe5ff89cbf1c"><testcase classname="backend.tests.test_ai_rewrite_endpoints.TestAIRewriteEndpoints" name="test_api_health" time="0.242" /><testcase classname="backend.tests.test_ai_rewrite_endpoints.TestAIRewriteEndpoints" name="test_rewrite_endpoint_accepts_valid_request" time="0.570" /><testcase classname="backend.tests.test_ai_rewrite_endpoints.TestAIRewriteEndpoints" name="test_rewrite_missing_title" time="0.151" /><testcase classname="backend.tests.test_ai_rewrite_endpoints.TestAIRewriteEndpoints" name="test_rewrite_missing_steps" time="0.111" /><testcase classname="backend.tests.test_ai_rewrite_endpoints.TestAIRewriteEndpoints" name="test_seo_optimize_endpoint_accepts_valid_request" time="0.129" /><testcase classname="backend.tests.test_ai_rewrite_endpoints.TestAIRewriteEndpoints" name="test_seo_optimize_missing_title" time="0.117" /><testcase classname="backend.tests.test_ai_rewrite_endpoints.TestAIRewriteEndpoints" name="test_seo_optimize_optional_category" time="0.145" /><testcase classname="backend.tests.test_ai_rewrite_endpoints.TestAIRewriteEndpoints" name="test_summarize_endpoint_accepts_valid_request" time="0.135" /><testcase classname="backend.tests.test_ai_rewrite_endpoints.TestAIRewriteEndpoints" name="test_summarize_missing_title" time="0.143" /><testcase classname="backend.tests.test_ai_rewrite_endpoints.TestAIRewriteEndpoints" name="test_full_optimize_endpoint_accepts_valid_request" time="0.127" /><testcase classname="backend.tests.test_ai_rewrite_endpoints.TestAIRewriteEndpoints" name="test_full_optimize_missing_steps" time="0.154" /><testcase classname="backend.tests.test_ai_rewrite_endpoints.TestAIRewriteEndpoints" name="test_optimize_existing_invalid_slug" time="0.144" /><testcase classname="backend.tests.test_ai_rewrite_endpoints.TestScraperEndpoints" name="test_discover_tecmint" time="0.122" /><testcase classname="backend.tests.test_ai_rewrite_endpoints.TestScraperEndpoints" name="test_discover_phoenixnap" time="0.144" /><testcase classname="backend.tests.test_ai_rewrite_endpoints.TestScraperEndpoints" name="test_discover_digitalocean" time="0.144" /></testsuite></testsuites>