<?xml version="1.0" encoding="utf-8"?><testsuites name="pytest tests"><testsuite name="pytest" errors="0" failures="0" skipped="0" tests="11" time="7.126" timestamp="2026-03-24T17:23:10.657911+00:00" hostname="agent-env-f5c7d70c-4fdb-4e1a-8b6b-fe5ff89cbf1c"><testcase classname="backend.tests.test_article_analytics_ai_rewrite.TestArticleAnalyticsOverview" name="test_overview_returns_expected_fields" time="0.288" /><testcase classname="backend.tests.test_article_analytics_ai_rewrite.TestArticleAnalyticsTopArticles" name="test_top_articles_default" time="0.138" /><testcase classname="backend.tests.test_article_analytics_ai_rewrite.TestArticleAnalyticsTopArticles" name="test_top_articles_with_limit" time="0.123" /><testcase classname="backend.tests.test_article_analytics_ai_rewrite.TestArticleAnalyticsTopArticles" name="test_top_articles_sorted_by_views" time="0.147" /><testcase classname="backend.tests.test_article_analytics_ai_rewrite.TestArticleAnalyticsTopArticles" name="test_top_articles_sorted_by_likes" time="0.126" /><testcase classname="backend.tests.test_article_analytics_ai_rewrite.TestArticleAnalyticsCategoryStats" name="test_category_stats_returns_list" time="0.130" /><testcase classname="backend.tests.test_article_analytics_ai_rewrite.TestArticleAnalyticsArticleDetail" name="test_article_detail_with_valid_slug" time="0.276" /><testcase classname="backend.tests.test_article_analytics_ai_rewrite.TestArticleAnalyticsArticleDetail" name="test_article_detail_with_invalid_slug" time="0.128" /><testcase classname="backend.tests.test_article_analytics_ai_rewrite.TestAIRewrite" name="test_ai_rewrite_endpoint_exists" time="5.301" /><testcase classname="backend.tests.test_article_analytics_ai_rewrite.TestAIRewrite" name="test_ai_rewrite_missing_title" time="0.189" /><testcase classname="backend.tests.test_article_analytics_ai_rewrite.TestAIRewrite" name="test_ai_rewrite_missing_steps" time="0.208" /></testsuite></testsuites>