<?xml version="1.0" encoding="utf-8"?><testsuites name="pytest tests"><testsuite name="pytest" errors="0" failures="0" skipped="0" tests="11" time="1.159" timestamp="2026-04-09T20:09:14.941916+00:00" hostname="agent-env-b62beac0-b5e1-4b81-94d3-4a9ffd32fdcb"><testcase classname="backend.tests.test_bug_fixes_iteration10.TestUpdaterEndpoints" name="test_updater_status_endpoint_returns_correct_structure" time="0.203" /><testcase classname="backend.tests.test_bug_fixes_iteration10.TestUpdaterEndpoints" name="test_updater_update_endpoint_returns_skipped_in_preview" time="0.097" /><testcase classname="backend.tests.test_bug_fixes_iteration10.TestUpdaterEndpoints" name="test_updater_status_after_update_shows_skipped" time="0.224" /><testcase classname="backend.tests.test_bug_fixes_iteration10.TestAIRewriteEndpoints" name="test_articles_for_optimize_returns_paginated_data" time="0.125" /><testcase classname="backend.tests.test_bug_fixes_iteration10.TestAIRewriteEndpoints" name="test_articles_for_optimize_filter_by_status_pending" time="0.106" /><testcase classname="backend.tests.test_bug_fixes_iteration10.TestAIRewriteEndpoints" name="test_articles_for_optimize_filter_by_status_optimized" time="0.081" /><testcase classname="backend.tests.test_bug_fixes_iteration10.TestAIRewriteEndpoints" name="test_optimize_existing_returns_404_for_invalid_slug" time="0.091" /><testcase classname="backend.tests.test_bug_fixes_iteration10.TestAIRewriteEndpoints" name="test_optimize_existing_returns_422_for_missing_slug" time="0.138" /><testcase classname="backend.tests.test_bug_fixes_iteration10.TestBudgetErrorHandling" name="test_call_ai_error_keywords_in_code" time="0.000" /><testcase classname="backend.tests.test_bug_fixes_iteration10.TestUpdaterLogParsing" name="test_log_parsing_code_searches_all_lines" time="0.000" /><testcase classname="backend.tests.test_bug_fixes_iteration10.TestInlineUpdaterWriteOrder" name="test_result_written_before_pm2_restart" time="0.000" /></testsuite></testsuites>