<?xml version="1.0" encoding="utf-8"?><testsuites name="pytest tests"><testsuite name="pytest" errors="0" failures="0" skipped="0" tests="10" time="20.613" timestamp="2026-04-09T19:28:59.593851+00:00" hostname="agent-env-f5c7d70c-4fdb-4e1a-8b6b-fe5ff89cbf1c"><testcase classname="backend.tests.test_bulk_optimize_api.TestArticlesForOptimize" name="test_articles_for_optimize_basic" time="0.350" /><testcase classname="backend.tests.test_bulk_optimize_api.TestArticlesForOptimize" name="test_articles_for_optimize_pagination" time="0.257" /><testcase classname="backend.tests.test_bulk_optimize_api.TestArticlesForOptimize" name="test_articles_for_optimize_category_filter" time="0.455" /><testcase classname="backend.tests.test_bulk_optimize_api.TestArticlesForOptimize" name="test_articles_for_optimize_status_filter_pending" time="0.131" /><testcase classname="backend.tests.test_bulk_optimize_api.TestArticlesForOptimize" name="test_articles_for_optimize_status_filter_optimized" time="0.111" /><testcase classname="backend.tests.test_bulk_optimize_api.TestArticlesForOptimize" name="test_articles_for_optimize_article_structure" time="0.147" /><testcase classname="backend.tests.test_bulk_optimize_api.TestArticlesForOptimize" name="test_articles_for_optimize_combined_filters" time="0.328" /><testcase classname="backend.tests.test_bulk_optimize_api.TestOptimizeExisting" name="test_optimize_existing_missing_slug" time="0.132" /><testcase classname="backend.tests.test_bulk_optimize_api.TestOptimizeExisting" name="test_optimize_existing_invalid_slug" time="0.112" /><testcase classname="backend.tests.test_bulk_optimize_api.TestOptimizeExisting" name="test_optimize_existing_valid_slug_structure" time="18.529" /></testsuite></testsuites>