<?xml version="1.0" encoding="utf-8"?><testsuites name="pytest tests"><testsuite name="pytest" errors="0" failures="0" skipped="0" tests="17" time="2.693" timestamp="2026-03-02T10:09:36.395094+00:00" hostname="agent-env-6728ef50-bdb1-43f7-8cd0-13be784dff4e"><testcase classname="tests.test_contributions_contact.TestContactAPI" name="test_contact_submit_success" time="0.225" /><testcase classname="tests.test_contributions_contact.TestContactAPI" name="test_contact_submit_missing_name" time="0.154" /><testcase classname="tests.test_contributions_contact.TestContactAPI" name="test_contact_submit_missing_email" time="0.135" /><testcase classname="tests.test_contributions_contact.TestContributionsAPI" name="test_contribution_submit_success" time="0.134" /><testcase classname="tests.test_contributions_contact.TestContributionsAPI" name="test_contribution_submit_missing_contributor_info" time="0.099" /><testcase classname="tests.test_contributions_contact.TestContributionsAPI" name="test_contribution_submit_missing_steps" time="0.110" /><testcase classname="tests.test_contributions_contact.TestContributionsAPI" name="test_contributions_list_pending" time="0.104" /><testcase classname="tests.test_contributions_contact.TestContributionsAPI" name="test_contributions_list_approved" time="0.144" /><testcase classname="tests.test_contributions_contact.TestContributionsAPI" name="test_contributions_list_rejected" time="0.107" /><testcase classname="tests.test_contributions_contact.TestContributionsAPI" name="test_contribution_pending_count" time="0.101" /><testcase classname="tests.test_contributions_contact.TestContributionWorkflow" name="test_submit_and_approve_contribution" time="0.308" /><testcase classname="tests.test_contributions_contact.TestContributionWorkflow" name="test_submit_and_reject_contribution" time="0.207" /><testcase classname="tests.test_contributions_contact.TestContributionWorkflow" name="test_approve_nonexistent_contribution" time="0.120" /><testcase classname="tests.test_contributions_contact.TestContributionWorkflow" name="test_reject_nonexistent_contribution" time="0.106" /><testcase classname="tests.test_contributions_contact.TestExistingContribution" name="test_check_existing_contribution" time="0.098" /><testcase classname="tests.test_contributions_contact.TestLoginAPI" name="test_login_success" time="0.324" /><testcase classname="tests.test_contributions_contact.TestLoginAPI" name="test_login_invalid_credentials" time="0.101" /></testsuite></testsuites>