<?xml version="1.0" encoding="utf-8"?><testsuites name="pytest tests"><testsuite name="pytest" errors="0" failures="0" skipped="0" tests="24" time="4.251" timestamp="2026-03-01T18:32:36.194455+00:00" hostname="agent-env-6728ef50-bdb1-43f7-8cd0-13be784dff4e"><testcase classname="backend.tests.test_newsletter_articles.TestNewsletterSubscribe" name="test_subscribe_success" time="0.315" /><testcase classname="backend.tests.test_newsletter_articles.TestNewsletterSubscribe" name="test_subscribe_duplicate_returns_409" time="0.286" /><testcase classname="backend.tests.test_newsletter_articles.TestNewsletterSubscribe" name="test_subscribe_invalid_email_returns_400" time="0.128" /><testcase classname="backend.tests.test_newsletter_articles.TestNewsletterSubscribe" name="test_subscribe_empty_email_returns_400" time="0.107" /><testcase classname="backend.tests.test_newsletter_articles.TestNewsletterSubscribe" name="test_subscribe_normalizes_email_to_lowercase" time="0.184" /><testcase classname="backend.tests.test_newsletter_articles.TestNewsletterSubscribersList" name="test_list_subscribers_returns_paginated_results" time="0.115" /><testcase classname="backend.tests.test_newsletter_articles.TestNewsletterSubscribersList" name="test_list_subscribers_search_filter" time="0.297" /><testcase classname="backend.tests.test_newsletter_articles.TestNewsletterSubscribersList" name="test_list_subscribers_pagination" time="0.110" /><testcase classname="backend.tests.test_newsletter_articles.TestNewsletterSubscribersList" name="test_list_subscribers_has_required_fields" time="0.100" /><testcase classname="backend.tests.test_newsletter_articles.TestNewsletterExport" name="test_export_csv_returns_file" time="0.123" /><testcase classname="backend.tests.test_newsletter_articles.TestNewsletterDelete" name="test_delete_subscriber_success" time="0.227" /><testcase classname="backend.tests.test_newsletter_articles.TestNewsletterDelete" name="test_delete_nonexistent_subscriber_returns_404" time="0.111" /><testcase classname="backend.tests.test_newsletter_articles.TestNewsletterCount" name="test_count_returns_total" time="0.108" /><testcase classname="backend.tests.test_newsletter_articles.TestArticlesList" name="test_list_articles_returns_paginated_results" time="0.149" /><testcase classname="backend.tests.test_newsletter_articles.TestArticlesList" name="test_list_articles_category_filter" time="0.103" /><testcase classname="backend.tests.test_newsletter_articles.TestArticlesList" name="test_list_articles_search_filter" time="0.139" /><testcase classname="backend.tests.test_newsletter_articles.TestArticlesList" name="test_list_articles_has_required_fields" time="0.152" /><testcase classname="backend.tests.test_newsletter_articles.TestArticlesExport" name="test_export_csv_returns_file" time="0.147" /><testcase classname="backend.tests.test_newsletter_articles.TestArticlesExport" name="test_export_json_returns_file" time="0.140" /><testcase classname="backend.tests.test_newsletter_articles.TestArticlesBulkOperations" name="test_bulk_delete_empty_returns_400" time="0.126" /><testcase classname="backend.tests.test_newsletter_articles.TestArticlesBulkOperations" name="test_bulk_delete_nonexistent_returns_zero_deleted" time="0.102" /><testcase classname="backend.tests.test_newsletter_articles.TestArticlesBulkOperations" name="test_bulk_category_empty_returns_400" time="0.112" /><testcase classname="backend.tests.test_newsletter_articles.TestArticlesBulkOperations" name="test_bulk_category_nonexistent_returns_zero_modified" time="0.121" /><testcase classname="backend.tests.test_newsletter_articles.TestCleanup" name="test_cleanup_test_subscribers" time="0.604" /></testsuite></testsuites>