<?xml version="1.0" encoding="utf-8"?><testsuites name="pytest tests"><testsuite name="pytest" errors="0" failures="0" skipped="0" tests="18" time="3.465" timestamp="2026-03-01T18:14:44.386451+00:00" hostname="agent-env-6728ef50-bdb1-43f7-8cd0-13be784dff4e"><testcase classname="backend.tests.test_snippets_api.TestPopularSnippets" name="test_popular_endpoint_returns_snippets" time="0.209" /><testcase classname="backend.tests.test_snippets_api.TestPopularSnippets" name="test_popular_sorted_by_views" time="0.134" /><testcase classname="backend.tests.test_snippets_api.TestPopularSnippets" name="test_popular_respects_limit" time="0.144" /><testcase classname="backend.tests.test_snippets_api.TestPopularSnippets" name="test_popular_snippet_structure" time="0.177" /><testcase classname="backend.tests.test_snippets_api.TestRelatedSnippets" name="test_related_endpoint_returns_snippets" time="0.254" /><testcase classname="backend.tests.test_snippets_api.TestRelatedSnippets" name="test_related_excludes_original_snippet" time="0.264" /><testcase classname="backend.tests.test_snippets_api.TestRelatedSnippets" name="test_related_respects_limit" time="0.247" /><testcase classname="backend.tests.test_snippets_api.TestRelatedSnippets" name="test_related_404_for_invalid_slug" time="0.123" /><testcase classname="backend.tests.test_snippets_api.TestTagFiltering" name="test_tag_filter_returns_matching_snippets" time="0.119" /><testcase classname="backend.tests.test_snippets_api.TestTagFiltering" name="test_tag_filter_with_different_tags" time="0.290" /><testcase classname="backend.tests.test_snippets_api.TestTagFiltering" name="test_tag_filter_empty_result" time="0.119" /><testcase classname="backend.tests.test_snippets_api.TestSnippetsCRUD" name="test_get_all_snippets" time="0.140" /><testcase classname="backend.tests.test_snippets_api.TestSnippetsCRUD" name="test_get_single_snippet" time="0.253" /><testcase classname="backend.tests.test_snippets_api.TestSnippetsCRUD" name="test_get_snippet_increments_views" time="0.383" /><testcase classname="backend.tests.test_snippets_api.TestSnippetsCRUD" name="test_snippet_404_for_invalid_slug" time="0.107" /><testcase classname="backend.tests.test_snippets_api.TestSortingAndFiltering" name="test_sort_by_views" time="0.109" /><testcase classname="backend.tests.test_snippets_api.TestSortingAndFiltering" name="test_sort_by_popular" time="0.111" /><testcase classname="backend.tests.test_snippets_api.TestSortingAndFiltering" name="test_category_filter" time="0.121" /></testsuite></testsuites>