<?xml version="1.0" encoding="utf-8"?><testsuites name="pytest tests"><testsuite name="pytest" errors="0" failures="0" skipped="0" tests="15" time="4.284" timestamp="2026-03-22T20:56:12.864800+00:00" hostname="agent-env-f5c7d70c-4fdb-4e1a-8b6b-fe5ff89cbf1c"><testcase classname="backend.tests.test_scraper_api.TestScraperDiscover" name="test_discover_tecmint_urls" time="0.239" /><testcase classname="backend.tests.test_scraper_api.TestScraperDiscover" name="test_discover_linuxize_urls" time="0.116" /><testcase classname="backend.tests.test_scraper_api.TestScraperDiscover" name="test_discover_digitalocean_urls" time="0.121" /><testcase classname="backend.tests.test_scraper_api.TestScraperDiscover" name="test_discover_default_source" time="0.111" /><testcase classname="backend.tests.test_scraper_api.TestScraperDiscover" name="test_discover_invalid_source_fallback" time="0.116" /><testcase classname="backend.tests.test_scraper_api.TestScraperFromUrl" name="test_scrape_tecmint_url" time="0.363" /><testcase classname="backend.tests.test_scraper_api.TestScraperFromUrl" name="test_scrape_url_returns_steps_with_code" time="0.550" /><testcase classname="backend.tests.test_scraper_api.TestScraperFromUrl" name="test_scrape_empty_url" time="0.121" /><testcase classname="backend.tests.test_scraper_api.TestScraperFromUrl" name="test_scrape_invalid_url" time="0.129" /><testcase classname="backend.tests.test_scraper_api.TestScraperFromUrl" name="test_scrape_nonexistent_url" time="0.479" /><testcase classname="backend.tests.test_scraper_api.TestScraperSave" name="test_save_scraped_article" time="0.465" /><testcase classname="backend.tests.test_scraper_api.TestScraperSave" name="test_save_article_without_title" time="0.109" /><testcase classname="backend.tests.test_scraper_api.TestScraperSave" name="test_save_article_without_steps" time="0.116" /><testcase classname="backend.tests.test_scraper_api.TestScraperSave" name="test_save_duplicate_article" time="0.592" /><testcase classname="backend.tests.test_scraper_api.TestScraperIntegration" name="test_full_scrape_and_save_workflow" time="0.605" /></testsuite></testsuites>