<?xml version="1.0" encoding="utf-8"?><testsuites name="pytest tests"><testsuite name="pytest" errors="0" failures="0" skipped="0" tests="16" time="4.076" timestamp="2026-03-01T18:49:37.390255+00:00" hostname="agent-env-6728ef50-bdb1-43f7-8cd0-13be784dff4e"><testcase classname="tests.test_seeder_api.TestSeederCategories" name="test_get_categories_returns_200" time="0.209" /><testcase classname="tests.test_seeder_api.TestSeederCategories" name="test_get_categories_has_14_categories" time="0.117" /><testcase classname="tests.test_seeder_api.TestSeederCategories" name="test_get_categories_has_8_operating_systems" time="0.113" /><testcase classname="tests.test_seeder_api.TestSeederCategories" name="test_get_categories_structure" time="0.121" /><testcase classname="tests.test_seeder_api.TestSeederPreview" name="test_preview_installation_ubuntu" time="0.160" /><testcase classname="tests.test_seeder_api.TestSeederPreview" name="test_preview_installation_centos" time="0.133" /><testcase classname="tests.test_seeder_api.TestSeederPreview" name="test_preview_networking_fedora" time="0.124" /><testcase classname="tests.test_seeder_api.TestSeederPreview" name="test_preview_default_os" time="0.103" /><testcase classname="tests.test_seeder_api.TestSeederPreview" name="test_preview_invalid_category" time="0.111" /><testcase classname="tests.test_seeder_api.TestSeederPreview" name="test_preview_exists_badge" time="0.104" /><testcase classname="tests.test_seeder_api.TestSeederSeed" name="test_seed_security_mac" time="0.232" /><testcase classname="tests.test_seeder_api.TestSeederSeed" name="test_seed_already_exists_skips" time="0.121" /><testcase classname="tests.test_seeder_api.TestSeederSeed" name="test_seed_invalid_category" time="0.127" /><testcase classname="tests.test_seeder_api.TestSeederSeed" name="test_seed_backup_windows" time="0.142" /><testcase classname="tests.test_seeder_api.TestSeederSeed" name="test_seed_verify_persistence" time="0.285" /><testcase classname="tests.test_seeder_api.TestAllCategories" name="test_all_categories_have_templates" time="1.752" /></testsuite></testsuites>